<?xml version="1.0" encoding="UTF-8"?>
<testng-results ignored="0" total="3" passed="3" failed="0" skipped="0">
  <reporter-output>
  </reporter-output>
  <suite started-at="2024-07-17T18:23:10 IST" name="Default suite" finished-at="2024-07-17T18:23:11 IST" duration-ms="1169">
    <groups>
    </groups>
    <test started-at="2024-07-17T18:23:10 IST" name="Default test" finished-at="2024-07-17T18:23:11 IST" duration-ms="1169">
      <class name="excel">
        <test-method signature="s(java.lang.String,java.lang.String)[pri:0, instance:excel@36b4fe2a]" started-at="2024-07-17T18:23:11 IST" name="s" data-provider="excel1" finished-at="2024-07-17T18:23:11 IST" duration-ms="17" status="PASS">
          <params>
            <param index="0">
              <value>
                <![CDATA[mounesh]]>
              </value>
            </param>
            <param index="1">
              <value>
                <![CDATA[123456]]>
              </value>
            </param>
          </params>
          <reporter-output>
          </reporter-output>
        </test-method> <!-- s -->
        <test-method signature="s(java.lang.String,java.lang.String)[pri:0, instance:excel@36b4fe2a]" started-at="2024-07-17T18:23:11 IST" name="s" data-provider="excel1" finished-at="2024-07-17T18:23:11 IST" duration-ms="13" status="PASS">
          <params>
            <param index="0">
              <value>
                <![CDATA[leela]]>
              </value>
            </param>
            <param index="1">
              <value>
                <![CDATA[7891011]]>
              </value>
            </param>
          </params>
          <reporter-output>
          </reporter-output>
        </test-method> <!-- s -->
        <test-method signature="s(java.lang.String,java.lang.String)[pri:0, instance:excel@36b4fe2a]" started-at="2024-07-17T18:23:11 IST" name="s" data-provider="excel1" finished-at="2024-07-17T18:23:11 IST" duration-ms="8" status="PASS">
          <params>
            <param index="0">
              <value>
                <![CDATA[srinu]]>
              </value>
            </param>
            <param index="1">
              <value>
                <![CDATA[121314]]>
              </value>
            </param>
          </params>
          <reporter-output>
          </reporter-output>
        </test-method> <!-- s -->
      </class> <!-- excel -->
    </test> <!-- Default test -->
  </suite> <!-- Default suite -->
</testng-results>
